Fri Jan 26 09:46:04 CST 2024
ERROR: Unable to locate a modulefile for ' '
running build_ext
cythoning mangrove_allbay_hd.pyx to mangrove_allbay_hd.c
building 'mangrove' extension
INFO: C compiler: /usr/local/packages/compilers/gcc/11.2.0/bmraeta/bin/gcc -Wno-unused-result -Wsign-compare -DNDEBUG -g -fwrapv -O3 -Wall -fPIC

creating build
creating build/temp.linux-x86_64-3.10
INFO: compile options: '-I/project/cekees/cekees/proteus/fct/lib/python3.10/site-packages/numpy/core/include -I/project/cekees/cekees/proteus/fct/include/python3.10 -c'
INFO: gcc: mangrove_allbay_hd.c
INFO: gcc -pthread -shared -L/ddnA/project/cekees/cekees/hashdist/bld/bzip2/bxub4egwxmki/lib -Wl,-rpath=/ddnA/project/cekees/cekees/hashdist/bld/bzip2/bxub4egwxmki/lib -L/ddnA/project/cekees/cekees/hashdist/bld/gdbm/ile5emyu5ynn/lib -Wl,-rpath=/ddnA/project/cekees/cekees/hashdist/bld/gdbm/ile5emyu5ynn/lib -L/ddnA/project/cekees/cekees/hashdist/bld/launcher/nqs3636t5jqx/lib -Wl,-rpath=/ddnA/project/cekees/cekees/hashdist/bld/launcher/nqs3636t5jqx/lib -L/ddnA/project/cekees/cekees/hashdist/bld/libffi/tgz5pgvfcz6v/lib -Wl,-rpath=/ddnA/project/cekees/cekees/hashdist/bld/libffi/tgz5pgvfcz6v/lib -L/ddnA/project/cekees/cekees/hashdist/bld/ncurses/bo63dncyhwlb/lib -Wl,-rpath=/ddnA/project/cekees/cekees/hashdist/bld/ncurses/bo63dncyhwlb/lib -L/ddnA/project/cekees/cekees/hashdist/bld/openssl/h5jbtgv2fk37/lib -Wl,-rpath=/ddnA/project/cekees/cekees/hashdist/bld/openssl/h5jbtgv2fk37/lib -L/ddnA/project/cekees/cekees/hashdist/bld/patchelf/otm7ck6l2z3a/lib -Wl,-rpath=/ddnA/project/cekees/cekees/hashdist/bld/patchelf/otm7ck6l2z3a/lib -L/ddnA/project/cekees/cekees/hashdist/bld/readline/k3myfxc2g4rc/lib -Wl,-rpath=/ddnA/project/cekees/cekees/hashdist/bld/readline/k3myfxc2g4rc/lib -L/ddnA/project/cekees/cekees/hashdist/bld/sqlite/dovhidn2po6z/lib -Wl,-rpath=/ddnA/project/cekees/cekees/hashdist/bld/sqlite/dovhidn2po6z/lib -L/ddnA/project/cekees/cekees/hashdist/bld/zlib/qg2mb57cgcut/lib -Wl,-rpath=/ddnA/project/cekees/cekees/hashdist/bld/zlib/qg2mb57cgcut/lib -Wl,-rpath,/ddnA/project/cekees/cekees/hashdist/bld/python/7erkfjep7ml2/lib build/temp.linux-x86_64-3.10/mangrove_allbay_hd.o -L/ddnA/project/cekees/cekees/hashdist/bld/python/7erkfjep7ml2/lib -o /ddnA/work/whtsao/osuexp_nowall_hd.196405/mangrove.cpython-310-x86_64-linux-gnu.so
Opening mesh.poly.
  Initializing memorypools.
  tetrahedron per block: 8188.
  Size of a point: 152 bytes.
  Size of a tetrahedron: 104 (112) bytes.
  Size of a shellface: 200 (200) bytes.
  Initializing robust predicates.
  sizeof(double) =  8
  machine epsilon =   2.22045e-16 [IEEE 754 64-bit macheps]
Delaunizing vertices...
  Permuting vertices.
  Sorting vertices.
  Incrementally inserting vertices.
Delaunay seconds:  0.000618
  Point sorting seconds:  6e-06
Creating surface mesh ...
  34 (29) subfaces (segments).
Surface mesh seconds:  9.2e-05
Recovering boundaries...
  Creating the segment-endpoints map.
  Found 29 segments.
  Recovering segments.
  29 (0) segments are recovered (missing).
  Recovering facets.
  34 (0) subfaces are recovered (missing).
Boundary recovery seconds:  0.000155
  Segment recovery seconds:  4.1e-05
  Facet recovery seconds:  0.000114
Removing exterior tetrahedra ...
Spreading region attributes.
  Found 2 subdomains.
Exterior tets removal seconds:  3.1e-05
Recovering Delaunayness...
Delaunay recovery seconds:  0.000294
Refining mesh...
  Min radius-edge ratio = 12.
  Min dihedral   angle  = 3.5.
  Max tet volume  = 8.53333e-05.
  Creating the segment_info_list.
  min_dihedral angle = 90 degree, at segment [15,6]
  min face angle = 90 degree, at vertex 5
  Creating the facet vertices map.
  Found 14 facets. Max facet idx(0), size(7)
  Creating the segment-to-facets map.
  Splitting encroached subsegments.
  Added 6 Steiner points.
  Splitting encroached and bad quality subfaces.
  23 insertions, added 18 points, 3 subfaces in queue.
  7 insertions, added 4 points, 3 subfaces in queue.
  Added 20 (20,0) Steiner points.
  Splitting bad quality tets.
  9 insertions, added 6 points, 92 tetrahedra in queue.
  12 insertions, added 8 points, 92 tetrahedra in queue.
  16 insertions, added 11 points, 326 tetrahedra in queue.
  22 insertions, added 13 points, 569 tetrahedra in queue.
  29 insertions, added 17 points, 849 tetrahedra in queue.
  39 insertions, added 26 points, 1288 tetrahedra in queue.
  52 insertions, added 30 points, 1819 tetrahedra in queue.
  69 insertions, added 44 points, 2560 tetrahedra in queue.
  92 insertions, added 61 points, 3660 tetrahedra in queue.
  123 insertions, added 77 points, 4934 tetrahedra in queue.
  164 insertions, added 105 points, 6652 tetrahedra in queue.
  218 insertions, added 138 points, 8984 tetrahedra in queue.
  291 insertions, added 181 points, 11895 tetrahedra in queue.
  388 insertions, added 231 points, 15730 tetrahedra in queue.
  517 insertions, added 301 points, 20669 tetrahedra in queue.
  689 insertions, added 397 points, 27157 tetrahedra in queue.
  919 insertions, added 518 points, 35591 tetrahedra in queue.
  1225 insertions, added 697 points, 47016 tetrahedra in queue.
  1633 insertions, added 950 points, 62807 tetrahedra in queue.
  2176 insertions, added 1318 points, 85137 tetrahedra in queue.
  2901 insertions, added 1830 points, 116395 tetrahedra in queue.
  3867 insertions, added 2540 points, 160572 tetrahedra in queue.
  5155 insertions, added 3569 points, 225032 tetrahedra in queue.
  6871 insertions, added 5030 points, 318506 tetrahedra in queue.
  9159 insertions, added 7022 points, 452401 tetrahedra in queue.
  12209 insertions, added 9787 points, 641651 tetrahedra in queue.
  16275 insertions, added 13518 points, 907844 tetrahedra in queue.
  21694 insertions, added 18476 points, 1276629 tetrahedra in queue.
  28919 insertions, added 25250 points, 1786835 tetrahedra in queue.
  38549 insertions, added 34346 points, 2488213 tetrahedra in queue.
  51385 insertions, added 46393 points, 3443514 tetrahedra in queue.
  68497 insertions, added 62512 points, 4733337 tetrahedra in queue.
  91306 insertions, added 83970 points, 6471011 tetrahedra in queue.
  121711 insertions, added 112637 points, 8802500 tetrahedra in queue.
  162241 insertions, added 150282 points, 11903794 tetrahedra in queue.
  216267 insertions, added 199816 points, 15977669 tetrahedra in queue.
  288284 insertions, added 264861 points, 21205966 tetrahedra in queue.
  384282 insertions, added 347774 points, 27394661 tetrahedra in queue.
  512248 insertions, added 456128 points, 26560273 tetrahedra in queue.
  Added 1991573 (5293,205583,1780697) Steiner points.
  Added 17 (0,2,15) Steiner points.
Refinement seconds:  44.7642
Smoothing vertices...
  Smooth criterion   = 3
  Smooth iterations  = 7
  Smooth relax-alpha = 0.3
Mesh smoothing seconds:  190.698
Improving mesh...
  Target maximum aspect ratio = 1000.
  Target maximum dihedral angle = 177.
  Maximum flip level   = 3.
  Number of iterations = 3.
  Removed 661 edges/faces.
Mesh improvement seconds:  3.35698

Writing mesh.1.node.
Writing mesh.1.ele.
Writing mesh.1.face.
Writing mesh.1.edge.
Writing mesh.1.neigh.

Output seconds:  38.8733
Total running seconds:  277.694

Statistics:

  Input points: 18
  Input facets: 14
  Input segments: 29
  Input holes: 0
  Input regions: 2

  Mesh points: 1991809
  Mesh tetrahedra: 11710064
  Mesh faces: 23628348
  Mesh edges: 13910092
  Mesh faces on exterior boundary: 416440
  Mesh edges on exterior boundary: 624660
  Mesh faces on input facets: 422160
  Mesh edges on input segments: 5349
  Steiner points on input facets:  205633
  Steiner points on input segments:  5320
  Steiner points inside domain: 1780838

Mesh quality statistics:

  Smallest volume:       5.9193e-07   |  Largest volume:       0.00012983
  Shortest edge:           0.015457   |  Longest edge:            0.12971
  Smallest asp.ratio:        1.2361   |  Largest asp.ratio:        64.306
  Smallest facangle:         15.803   |  Largest facangle:       132.3196
  Smallest dihedral:         0.9667   |  Largest dihedral:       176.9985

  Aspect ratio histogram:
         < 1.5       :    840755      |      6 - 10         :     48564
     1.5 - 2         :   7125987      |     10 - 15         :     10024
       2 - 2.5       :   2595452      |     15 - 25         :      4087
     2.5 - 3         :    607618      |     25 - 50         :      1518
       3 - 4         :    330492      |     50 - 100        :        28
       4 - 6         :    145539      |    100 -            :         0
  (A tetrahedron's aspect ratio is its longest edge length divided by its
    smallest side height)

  Face angle histogram:
      0 -  10 degrees:         0      |     90 - 100 degrees:   1179402
     10 -  20 degrees:       108      |    100 - 110 degrees:    201840
     20 -  30 degrees:     70700      |    110 - 120 degrees:     15451
     30 -  40 degrees:   2694890      |    120 - 130 degrees:       354
     40 -  50 degrees:  13934861      |    130 - 140 degrees:         3
     50 -  60 degrees:  21567764      |    140 - 150 degrees:         0
     60 -  70 degrees:  17355751      |    150 - 160 degrees:         0
     70 -  80 degrees:   9784978      |    160 - 170 degrees:         0
     80 -  90 degrees:   4078942      |    170 - 180 degrees:         0

  Dihedral angle histogram:
       0 -  5 degrees:     11096      |     80 - 110 degrees:  15716888
       5 - 10 degrees:     52831      |    110 - 120 degrees:   1647938
      10 - 20 degrees:    368186      |    120 - 130 degrees:    916764
      20 - 30 degrees:   1029423      |    130 - 140 degrees:    522091
      30 - 40 degrees:   2785448      |    140 - 150 degrees:    296560
      40 - 50 degrees:   7467560      |    150 - 160 degrees:    155278
      50 - 60 degrees:  13252970      |    160 - 170 degrees:     62294
      60 - 70 degrees:  14417750      |    170 - 175 degrees:     10190
      70 - 80 degrees:  11545103      |    175 - 180 degrees:      2014
  Minimum input dihedral angle is 90 (degree).


Memory usage statistics:

  Maximum number of tetrahedra:  12639702
  Maximum number of tet blocks (blocksize = 8188):  1544
  Approximate memory for tetrahedral mesh (bytes):  1,803,904,392
  Approximate memory for extra pointers (bytes):  27,780,928
  Approximate memory for algorithms (bytes):  149,336
  Approximate memory for working arrays (bytes):  484,925,228
  Approximate total used memory (bytes):  2,316,759,884

Max nNodes_subdomain 1946 nNodes_global 1991809
Done allocating MPIAdj
Max memory usage per core 0.35045GB
Done applying partition
Max memory usage per core 0.373563GB
==================out of core old2new is correct!====================
Done with masks
Max memory usage per core 0.383377GB
Done marking elements
Max memory usage per core 0.383836GB
Done allocating element numbering new2old/old2new
Max memory usage per core 0.479539GB
Done reading element boundaries
Max memory usage per core 0.488313GB
Allocating elementBoudnary old2new/new2old
Max memory usage per core 0.682332GB
Done allocating elementBoudnary old2new/new2old
Max memory usage per core 0.588321GB
Done reading edges
Max memory usage per core 0.593797GB
Setting edgeNumering old2new/new2old
Max memory usage per core 0.709939GB
Done allocating edgeNumering old2new/new2old
Max memory usage per core 0.654758GB
Done reading vertices
Max memory usage per core 0.601924GB
Done with material types
Max memory usage per core 0.42165GB
Done with partitioning!
Max memory usage per core 0.422314GB
