Fri Mar  1 14:14:44 CST 2024
 pass mesh
           1 th
 pass remesh
 pass kernel
 pass ale
 pass tayes
           2 th
 pass remesh
 pass kernel
 pass ale
 pass tayes
           3 th
 pass remesh
 pass kernel
 pass ale
 pass tayes
           4 th
 pass remesh
 pass kernel
 pass ale
 pass tayes
           5 th
 pass remesh
 pass kernel
 pass ale
 pass tayes
           6 th
 pass remesh
 pass kernel
 pass ale
 pass tayes
           7 th
 pass remesh
 pass kernel
 pass ale
 pass tayes
           8 th
 pass remesh
 pass kernel
 pass ale
 pass tayes
           9 th
 pass remesh
 pass kernel
 pass ale
 pass tayes
          10 th
 pass remesh
 pass kernel
 pass ale
 pass tayes
          11 th
 pass remesh
 pass kernel
 pass ale
 pass tayes
          12 th
 pass remesh
 pass kernel
 pass ale
 pass tayes
          13 th
 pass remesh
 pass kernel
 pass ale
 pass tayes
          14 th
 pass remesh
 pass kernel
 pass ale
 pass tayes
          15 th
 pass remesh
 pass kernel
 pass ale
 pass tayes
          16 th
 pass remesh
 pass kernel
 pass ale
 pass tayes
          17 th
 pass remesh
 pass kernel
 pass ale
 pass tayes
          18 th
 pass remesh
 pass kernel
 pass ale
 pass tayes
          19 th
 pass remesh
 pass kernel
 pass ale
 pass tayes
          20 th
 pass remesh
 pass kernel
 pass ale
 pass tayes
          21 th
 pass remesh
 pass kernel
 pass ale
 pass tayes
          22 th
 pass remesh
 pass kernel
 pass ale
 pass tayes
          23 th
 pass remesh
 pass kernel
 pass ale
 pass tayes
          24 th
 pass remesh
 pass kernel
 pass ale
 pass tayes
          25 th
 pass remesh
 pass kernel
 pass ale
 pass tayes
          26 th
 pass remesh
 pass kernel
 pass ale
 pass tayes
          27 th
 pass remesh
 pass kernel
 pass ale
 pass tayes
          28 th
 pass remesh
 pass kernel
 pass ale
 pass tayes
          29 th
 pass remesh
 pass kernel
 pass ale
 pass tayes
          30 th
 pass remesh
 pass kernel
 pass ale
 pass tayes
          31 th
 pass remesh
 pass kernel
 pass ale
 pass tayes
          32 th
 pass remesh
 pass kernel
 pass ale
 pass tayes
          33 th
 pass remesh
 pass kernel
 pass ale
 pass tayes
          34 th
 pass remesh
 pass kernel
 pass ale
 pass tayes
          35 th
 pass remesh
 pass kernel
 pass ale
 pass tayes
          36 th
 pass remesh
 pass kernel
 pass ale
 pass tayes
          37 th
 pass remesh
 pass kernel
 pass ale
 pass tayes
          38 th
 pass remesh
 pass kernel
 pass ale
 pass tayes
          39 th
 pass remesh
 pass kernel
 pass ale
 pass tayes
          40 th
 pass remesh
 pass kernel
 pass ale
 pass tayes
          41 th
 pass remesh
 pass kernel
 pass ale
 pass tayes
          42 th
 pass remesh
 pass kernel
 pass ale
 pass tayes
          43 th
 pass remesh
 pass kernel
 pass ale
 pass tayes
          44 th
 pass remesh
 pass kernel
 pass ale
 pass tayes
          45 th
 pass remesh
 pass kernel
 pass ale
 pass tayes
          46 th
 pass remesh
 pass kernel
 pass ale
 pass tayes
          47 th
 pass remesh
 pass kernel
 pass ale
 pass tayes
          48 th
 pass remesh
 pass kernel
 pass ale
 pass tayes
          49 th
 pass remesh
 pass kernel
 pass ale
 pass tayes
          50 th
 pass remesh
 pass kernel
 pass ale
 pass tayes
          51 th
 pass remesh
 pass kernel
 pass ale
 pass tayes
          52 th
 pass remesh
 pass kernel
 pass ale
 pass tayes
          53 th
 pass remesh
 pass kernel
 pass ale
 pass tayes
          54 th
 pass remesh
 pass kernel
 pass ale
 pass tayes
          55 th
 pass remesh
 pass kernel
 pass ale
 pass tayes
          56 th
 pass remesh
 pass kernel
 pass ale
 pass tayes
          57 th
 pass remesh
 pass kernel
 pass ale
 pass tayes
          58 th
 pass remesh
 pass kernel
 pass ale
 pass tayes
          59 th
 pass remesh
 pass kernel
 pass ale
 pass tayes
          60 th
 pass remesh
 pass kernel
 pass ale
 pass tayes
          61 th
 pass remesh
 pass kernel
 pass ale
 pass tayes
          62 th
 pass remesh
 pass kernel
 pass ale
 pass tayes
          63 th
 pass remesh
 pass kernel
 pass ale
 pass tayes
          64 th
 pass remesh
 pass kernel
 pass ale
 pass tayes
          65 th
 pass remesh
 pass kernel
 pass ale
 pass tayes
          66 th
 pass remesh
 pass kernel
 pass ale
 pass tayes
          67 th
 pass remesh
 pass kernel
 pass ale
 pass tayes
          68 th
 pass remesh
 pass kernel
 pass ale
 pass tayes
          69 th
 pass remesh
 pass kernel
 pass ale
 pass tayes
          70 th
 pass remesh
 pass kernel
 pass ale
 pass tayes
          71 th
 pass remesh
 pass kernel
 pass ale
 pass tayes
          72 th
 pass remesh
 pass kernel
 pass ale
 pass tayes
          73 th
 pass remesh
 pass kernel
 pass ale
 pass tayes
          74 th
 pass remesh
 pass kernel
 pass ale
 pass tayes
          75 th
 pass remesh
 pass kernel
 pass ale
 pass tayes
          76 th
 pass remesh
 pass kernel
 pass ale
 pass tayes
          77 th
 pass remesh
 pass kernel
 pass ale
 pass tayes
          78 th
 pass remesh
 pass kernel
 pass ale
 pass tayes
          79 th
 pass remesh
 pass kernel
 pass ale
 pass tayes
          80 th
 pass remesh
 pass kernel
 pass ale
 pass tayes
          81 th
 pass remesh
 pass kernel
 pass ale
 pass tayes
          82 th
 pass remesh
 pass kernel
 pass ale
 pass tayes
          83 th
 pass remesh
 pass kernel
 pass ale
 pass tayes
          84 th
 pass remesh
 pass kernel
 pass ale
 pass tayes
          85 th
 pass remesh
 pass kernel
 pass ale
 pass tayes
          86 th
 pass remesh
 pass kernel
