ERROR: Unable to locate a modulefile for 'proteus/1.8.1'
mkdir: cannot create directory ‘/cox_2D_HD_ti1.438954’: Permission denied
/var/spool/slurm/d/job438954/slurm_script: line 26: cd: /cox_2D_HD_ti1.438954: No such file or directory
cp: ‘/home/cstatl1/CutFEM_mangrove_paper/reduced_to_2D/cox_flume2DV_mike.py’ and ‘./cox_flume2DV_mike.py’ are the same file
cp: ‘/home/cstatl1/CutFEM_mangrove_paper/reduced_to_2D/cox_flume2DV.py’ and ‘./cox_flume2DV.py’ are the same file
cp: ‘/home/cstatl1/CutFEM_mangrove_paper/reduced_to_2D/inp_HD_TI1.csv’ and ‘./inp_HD_TI1.csv’ are the same file
cp: ‘/home/cstatl1/CutFEM_mangrove_paper/reduced_to_2D/inp_HD_TI2.csv’ and ‘./inp_HD_TI2.csv’ are the same file
cp: ‘/home/cstatl1/CutFEM_mangrove_paper/reduced_to_2D/inp_HD_TI3.csv’ and ‘./inp_HD_TI3.csv’ are the same file
cp: ‘/home/cstatl1/CutFEM_mangrove_paper/reduced_to_2D/inp_HD_TR1.csv’ and ‘./inp_HD_TR1.csv’ are the same file
cp: ‘/home/cstatl1/CutFEM_mangrove_paper/reduced_to_2D/inp_HD_TR2.csv’ and ‘./inp_HD_TR2.csv’ are the same file
cp: ‘/home/cstatl1/CutFEM_mangrove_paper/reduced_to_2D/inp_HD_TR4.csv’ and ‘./inp_HD_TR4.csv’ are the same file
cp: ‘/home/cstatl1/CutFEM_mangrove_paper/reduced_to_2D/mangrove_bli1.sh’ and ‘./mangrove_bli1.sh’ are the same file
cp: ‘/home/cstatl1/CutFEM_mangrove_paper/reduced_to_2D/mangrove_bli2.sh’ and ‘./mangrove_bli2.sh’ are the same file
cp: ‘/home/cstatl1/CutFEM_mangrove_paper/reduced_to_2D/mangrove_bli3.sh’ and ‘./mangrove_bli3.sh’ are the same file
cp: ‘/home/cstatl1/CutFEM_mangrove_paper/reduced_to_2D/mangrove_blr1.sh’ and ‘./mangrove_blr1.sh’ are the same file
cp: ‘/home/cstatl1/CutFEM_mangrove_paper/reduced_to_2D/mangrove_blr2.sh’ and ‘./mangrove_blr2.sh’ are the same file
cp: ‘/home/cstatl1/CutFEM_mangrove_paper/reduced_to_2D/mangrove_blr4.sh’ and ‘./mangrove_blr4.sh’ are the same file
cp: ‘/home/cstatl1/CutFEM_mangrove_paper/reduced_to_2D/mangrove_hdi1.sh’ and ‘./mangrove_hdi1.sh’ are the same file
cp: ‘/home/cstatl1/CutFEM_mangrove_paper/reduced_to_2D/mangrove_hdi2.sh’ and ‘./mangrove_hdi2.sh’ are the same file
cp: ‘/home/cstatl1/CutFEM_mangrove_paper/reduced_to_2D/mangrove_hdi3.sh’ and ‘./mangrove_hdi3.sh’ are the same file
cp: ‘/home/cstatl1/CutFEM_mangrove_paper/reduced_to_2D/mangrove_hdr1.sh’ and ‘./mangrove_hdr1.sh’ are the same file
cp: ‘/home/cstatl1/CutFEM_mangrove_paper/reduced_to_2D/mangrove_hdr2.sh’ and ‘./mangrove_hdr2.sh’ are the same file
cp: ‘/home/cstatl1/CutFEM_mangrove_paper/reduced_to_2D/mangrove_hdr4.sh’ and ‘./mangrove_hdr4.sh’ are the same file
cp: ‘/home/cstatl1/CutFEM_mangrove_paper/reduced_to_2D/mike.sh’ and ‘./mike.sh’ are the same file
cp: ‘/home/cstatl1/CutFEM_mangrove_paper/reduced_to_2D/qbc.sh’ and ‘./qbc.sh’ are the same file
slurmstepd: error: execve(): parun: No such file or directory
slurmstepd: error: execve(): parun: No such file or directory
slurmstepd: error: execve(): parun: No such file or directory
slurmstepd: error: execve(): parun: No such file or directory
slurmstepd: error: execve(): parun: No such file or directory
slurmstepd: error: execve(): parun: No such file or directory
slurmstepd: error: execve(): parun: No such file or directory
slurmstepd: error: execve(): parun: No such file or directory
slurmstepd: error: execve(): parun: No such file or directory
slurmstepd: error: execve(): parun: No such file or directory
slurmstepd: error: execve(): parun: No such file or directory
slurmstepd: error: execve(): parun: No such file or directory
slurmstepd: error: execve(): parun: No such file or directory
slurmstepd: error: execve(): parun: No such file or directory
slurmstepd: error: execve(): parun: No such file or directory
slurmstepd: error: execve(): parun: No such file or directory
slurmstepd: error: execve(): parun: No such file or directory
slurmstepd: error: execve(): parun: No such file or directory
slurmstepd: error: execve(): parun: No such file or directory
slurmstepd: error: execve(): parun: No such file or directory
slurmstepd: error: execve(): parun: No such file or directory
slurmstepd: error: execve(): parun: No such file or directory
slurmstepd: error: execve(): parun: No such file or directory
slurmstepd: error: execve(): parun: No such file or directory
slurmstepd: error: execve(): parun: No such file or directory
slurmstepd: error: execve(): parun: No such file or directory
slurmstepd: error: execve(): parun: No such file or directory
slurmstepd: error: execve(): parun: No such file or directory
slurmstepd: error: execve(): parun: No such file or directory
slurmstepd: error: execve(): parun: No such file or directory
slurmstepd: error: execve(): parun: No such file or directory
slurmstepd: error: execve(): parun: No such file or directory
slurmstepd: error: execve(): parun: No such file or directory
slurmstepd: error: execve(): parun: No such file or directory
slurmstepd: error: execve(): parun: No such file or directory
slurmstepd: error: execve(): parun: No such file or directory
slurmstepd: error: execve(): parun: No such file or directory
slurmstepd: error: execve(): parun: No such file or directory
slurmstepd: error: execve(): parun: No such file or directory
slurmstepd: error: execve(): parun: No such file or directory
slurmstepd: error: execve(): parun: No such file or directory
slurmstepd: error: execve(): parun: No such file or directory
slurmstepd: error: execve(): parun: No such file or directory
slurmstepd: error: execve(): parun: No such file or directory
slurmstepd: error: execve(): parun: No such file or directory
slurmstepd: error: execve(): parun: No such file or directory
slurmstepd: error: execve(): parun: No such file or directory
slurmstepd: error: execve(): parun: No such file or directory
slurmstepd: error: execve(): parun: No such file or directory
slurmstepd: error: execve(): parun: No such file or directory
slurmstepd: error: execve(): parun: No such file or directory
slurmstepd: error: execve(): parun: No such file or directory
slurmstepd: error: execve(): parun: No such file or directory
slurmstepd: error: execve(): parun: No such file or directory
slurmstepd: error: execve(): parun: No such file or directory
slurmstepd: error: execve(): parun: No such file or directory
slurmstepd: error: execve(): parun: No such file or directory
slurmstepd: error: execve(): parun: No such file or directory
slurmstepd: error: execve(): parun: No such file or directory
slurmstepd: error: execve(): parun: No such file or directory
slurmstepd: error: execve(): parun: No such file or directory
slurmstepd: error: execve(): parun: No such file or directory
slurmstepd: error: execve(): parun: No such file or directory
slurmstepd: error: execve(): parun: No such file or directory
slurmstepd: error: execve(): parun: No such file or directory
slurmstepd: error: execve(): parun: No such file or directory
slurmstepd: error: execve(): parun: No such file or directory
slurmstepd: error: execve(): parun: No such file or directory
slurmstepd: error: execve(): parun: No such file or directory
slurmstepd: error: execve(): parun: No such file or directory
slurmstepd: error: execve(): parun: No such file or directory
slurmstepd: error: execve(): parun: No such file or directory
slurmstepd: error: execve(): parun: No such file or directory
slurmstepd: error: execve(): parun: No such file or directory
slurmstepd: error: execve(): parun: No such file or directory
slurmstepd: error: execve(): parun: No such file or directory
slurmstepd: error: execve(): parun: No such file or directory
slurmstepd: error: execve(): parun: No such file or directory
slurmstepd: error: execve(): parun: No such file or directory
slurmstepd: error: execve(): parun: No such file or directory
slurmstepd: error: execve(): parun: No such file or directory
slurmstepd: error: execve(): parun: No such file or directory
slurmstepd: error: execve(): parun: No such file or directory
slurmstepd: error: execve(): parun: No such file or directory
slurmstepd: error: execve(): parun: No such file or directory
slurmstepd: error: execve(): parun: No such file or directory
slurmstepd: error: execve(): parun: No such file or directory
slurmstepd: error: execve(): parun: No such file or directory
slurmstepd: error: execve(): parun: No such file or directory
slurmstepd: error: execve(): parun: No such file or directory
slurmstepd: error: execve(): parun: No such file or directory
slurmstepd: error: execve(): parun: No such file or directory
slurmstepd: error: execve(): parun: No such file or directory
slurmstepd: error: execve(): parun: No such file or directory
slurmstepd: error: execve(): parun: No such file or directory
slurmstepd: error: execve(): parun: No such file or directory
slurmstepd: error: execve(): parun: No such file or directory
slurmstepd: error: execve(): parun: No such file or directory
slurmstepd: error: execve(): parun: No such file or directory
slurmstepd: error: execve(): parun: No such file or directory
slurmstepd: error: execve(): parun: No such file or directory
slurmstepd: error: execve(): parun: No such file or directory
slurmstepd: error: execve(): parun: No such file or directory
slurmstepd: error: execve(): parun: No such file or directory
slurmstepd: error: execve(): parun: No such file or directory
slurmstepd: error: execve(): parun: No such file or directory
slurmstepd: error: execve(): parun: No such file or directory
slurmstepd: error: execve(): parun: No such file or directory
slurmstepd: error: execve(): parun: No such file or directory
slurmstepd: error: execve(): parun: No such file or directory
slurmstepd: error: execve(): parun: No such file or directory
slurmstepd: error: execve(): parun: No such file or directory
slurmstepd: error: execve(): parun: No such file or directory
slurmstepd: error: execve(): parun: No such file or directory
slurmstepd: error: execve(): parun: No such file or directory
slurmstepd: error: execve(): parun: No such file or directory
slurmstepd: error: execve(): parun: No such file or directory
slurmstepd: error: execve(): parun: No such file or directory
slurmstepd: error: execve(): parun: No such file or directory
slurmstepd: error: execve(): parun: No such file or directory
slurmstepd: error: execve(): parun: No such file or directory
slurmstepd: error: execve(): parun: No such file or directory
slurmstepd: error: execve(): parun: No such file or directory
slurmstepd: error: execve(): parun: No such file or directory
slurmstepd: error: execve(): parun: No such file or directory
slurmstepd: error: execve(): parun: No such file or directory
slurmstepd: error: execve(): parun: No such file or directory
slurmstepd: error: execve(): parun: No such file or directory
slurmstepd: error: execve(): parun: No such file or directory
slurmstepd: error: execve(): parun: No such file or directory
slurmstepd: error: execve(): parun: No such file or directory
slurmstepd: error: execve(): parun: No such file or directory
slurmstepd: error: execve(): parun: No such file or directory
slurmstepd: error: execve(): parun: No such file or directory
slurmstepd: error: execve(): parun: No such file or directory
slurmstepd: error: execve(): parun: No such file or directory
slurmstepd: error: execve(): parun: No such file or directory
slurmstepd: error: execve(): parun: No such file or directory
slurmstepd: error: execve(): parun: No such file or directory
slurmstepd: error: execve(): parun: No such file or directory
slurmstepd: error: execve(): parun: No such file or directory
slurmstepd: error: execve(): parun: No such file or directory
slurmstepd: error: execve(): parun: No such file or directory
slurmstepd: error: execve(): parun: No such file or directory
slurmstepd: error: execve(): parun: No such file or directory
slurmstepd: error: execve(): parun: No such file or directory
slurmstepd: error: execve(): parun: No such file or directory
slurmstepd: error: execve(): parun: No such file or directory
slurmstepd: error: execve(): parun: No such file or directory
slurmstepd: error: execve(): parun: No such file or directory
slurmstepd: error: execve(): parun: No such file or directory
slurmstepd: error: execve(): parun: No such file or directory
slurmstepd: error: execve(): parun: No such file or directory
slurmstepd: error: execve(): parun: No such file or directory
slurmstepd: error: execve(): parun: No such file or directory
slurmstepd: error: execve(): parun: No such file or directory
slurmstepd: error: execve(): parun: No such file or directory
slurmstepd: error: execve(): parun: No such file or directory
slurmstepd: error: execve(): parun: No such file or directory
slurmstepd: error: execve(): parun: No such file or directory
slurmstepd: error: execve(): parun: No such file or directory
slurmstepd: error: execve(): parun: No such file or directory
slurmstepd: error: execve(): parun: No such file or directory
slurmstepd: error: execve(): parun: No such file or directory
slurmstepd: error: execve(): parun: No such file or directory
slurmstepd: error: execve(): parun: No such file or directory
slurmstepd: error: execve(): parun: No such file or directory
slurmstepd: error: execve(): parun: No such file or directory
slurmstepd: error: execve(): parun: No such file or directory
slurmstepd: error: execve(): parun: No such file or directory
slurmstepd: error: execve(): parun: No such file or directory
slurmstepd: error: execve(): parun: No such file or directory
slurmstepd: error: execve(): parun: No such file or directory
slurmstepd: error: execve(): parun: No such file or directory
slurmstepd: error: execve(): parun: No such file or directory
slurmstepd: error: execve(): parun: No such file or directory
slurmstepd: error: execve(): parun: No such file or directory
slurmstepd: error: execve(): parun: No such file or directory
slurmstepd: error: execve(): parun: No such file or directory
slurmstepd: error: execve(): parun: No such file or directory
slurmstepd: error: execve(): parun: No such file or directory
slurmstepd: error: execve(): parun: No such file or directory
slurmstepd: error: execve(): parun: No such file or directory
slurmstepd: error: execve(): parun: No such file or directory
slurmstepd: error: execve(): parun: No such file or directory
slurmstepd: error: execve(): parun: No such file or directory
slurmstepd: error: execve(): parun: No such file or directory
slurmstepd: error: execve(): parun: No such file or directory
slurmstepd: error: execve(): parun: No such file or directory
slurmstepd: error: execve(): parun: No such file or directory
slurmstepd: error: execve(): parun: No such file or directory
slurmstepd: error: execve(): parun: No such file or directory
slurmstepd: error: execve(): parun: No such file or directory
slurmstepd: error: execve(): parun: No such file or directory
slurmstepd: error: execve(): parun: No such file or directory
slurmstepd: error: execve(): parun: No such file or directory
slurmstepd: error: execve(): parun: No such file or directory
slurmstepd: error: execve(): parun: No such file or directory
slurmstepd: error: execve(): parun: No such file or directory
slurmstepd: error: execve(): parun: No such file or directory
slurmstepd: error: execve(): parun: No such file or directory
slurmstepd: error: execve(): parun: No such file or directory
slurmstepd: error: execve(): parun: No such file or directory
slurmstepd: error: execve(): parun: No such file or directory
slurmstepd: error: execve(): parun: No such file or directory
slurmstepd: error: execve(): parun: No such file or directory
slurmstepd: error: execve(): parun: No such file or directory
slurmstepd: error: execve(): parun: No such file or directory
slurmstepd: error: execve(): parun: No such file or directory
slurmstepd: error: execve(): parun: No such file or directory
slurmstepd: error: execve(): parun: No such file or directory
slurmstepd: error: execve(): parun: No such file or directory
slurmstepd: error: execve(): parun: No such file or directory
slurmstepd: error: execve(): parun: No such file or directory
slurmstepd: error: execve(): parun: No such file or directory
slurmstepd: error: execve(): parun: No such file or directory
slurmstepd: error: execve(): parun: No such file or directory
slurmstepd: error: execve(): parun: No such file or directory
slurmstepd: error: execve(): parun: No such file or directory
slurmstepd: error: execve(): parun: No such file or directory
slurmstepd: error: execve(): parun: No such file or directory
slurmstepd: error: execve(): parun: No such file or directory
slurmstepd: error: execve(): parun: No such file or directory
slurmstepd: error: execve(): parun: No such file or directory
slurmstepd: error: execve(): parun: No such file or directory
slurmstepd: error: execve(): parun: No such file or directory
slurmstepd: error: execve(): parun: No such file or directory
slurmstepd: error: execve(): parun: No such file or directory
slurmstepd: error: execve(): parun: No such file or directory
slurmstepd: error: execve(): parun: No such file or directory
slurmstepd: error: execve(): parun: No such file or directory
slurmstepd: error: execve(): parun: No such file or directory
slurmstepd: error: execve(): parun: No such file or directory
slurmstepd: error: execve(): parun: No such file or directory
slurmstepd: error: execve(): parun: No such file or directory
slurmstepd: error: execve(): parun: No such file or directory
slurmstepd: error: execve(): parun: No such file or directory
slurmstepd: error: execve(): parun: No such file or directory
slurmstepd: error: execve(): parun: No such file or directory
slurmstepd: error: execve(): parun: No such file or directory
slurmstepd: error: execve(): parun: No such file or directory
slurmstepd: error: execve(): parun: No such file or directory
slurmstepd: error: execve(): parun: No such file or directory
slurmstepd: error: execve(): parun: No such file or directory
slurmstepd: error: execve(): parun: No such file or directory
slurmstepd: error: execve(): parun: No such file or directory
slurmstepd: error: execve(): parun: No such file or directory
slurmstepd: error: execve(): parun: No such file or directory
slurmstepd: error: execve(): parun: No such file or directory
slurmstepd: error: execve(): parun: No such file or directory
slurmstepd: error: execve(): parun: No such file or directory
slurmstepd: error: execve(): parun: No such file or directory
slurmstepd: error: execve(): parun: No such file or directory
slurmstepd: error: execve(): parun: No such file or directory
slurmstepd: error: execve(): parun: No such file or directory
slurmstepd: error: execve(): parun: No such file or directory
slurmstepd: error: execve(): parun: No such file or directory
slurmstepd: error: execve(): parun: No such file or directory
slurmstepd: error: execve(): parun: No such file or directory
slurmstepd: error: execve(): parun: No such file or directory
slurmstepd: error: execve(): parun: No such file or directory
slurmstepd: error: execve(): parun: No such file or directory
slurmstepd: error: execve(): parun: No such file or directory
slurmstepd: error: execve(): parun: No such file or directory
slurmstepd: error: execve(): parun: No such file or directory
slurmstepd: error: execve(): parun: No such file or directory
slurmstepd: error: execve(): parun: No such file or directory
slurmstepd: error: execve(): parun: No such file or directory
slurmstepd: error: execve(): parun: No such file or directory
slurmstepd: error: execve(): parun: No such file or directory
slurmstepd: error: execve(): parun: No such file or directory
slurmstepd: error: execve(): parun: No such file or directory
slurmstepd: error: execve(): parun: No such file or directory
slurmstepd: error: execve(): parun: No such file or directory
slurmstepd: error: execve(): parun: No such file or directory
slurmstepd: error: execve(): parun: No such file or directory
slurmstepd: error: execve(): parun: No such file or directory
slurmstepd: error: execve(): parun: No such file or directory
slurmstepd: error: execve(): parun: No such file or directory
slurmstepd: error: execve(): parun: No such file or directory
slurmstepd: error: execve(): parun: No such file or directory
slurmstepd: error: execve(): parun: No such file or directory
slurmstepd: error: execve(): parun: No such file or directory
slurmstepd: error: execve(): parun: No such file or directory
slurmstepd: error: execve(): parun: No such file or directory
slurmstepd: error: execve(): parun: No such file or directory
slurmstepd: error: execve(): parun: No such file or directory
slurmstepd: error: execve(): parun: No such file or directory
slurmstepd: error: execve(): parun: No such file or directory
slurmstepd: error: execve(): parun: No such file or directory
slurmstepd: error: execve(): parun: No such file or directory
slurmstepd: error: execve(): parun: No such file or directory
slurmstepd: error: execve(): parun: No such file or directory
slurmstepd: error: execve(): parun: No such file or directory
slurmstepd: error: execve(): parun: No such file or directory
slurmstepd: error: execve(): parun: No such file or directory
slurmstepd: error: execve(): parun: No such file or directory
slurmstepd: error: execve(): parun: No such file or directory
slurmstepd: error: execve(): parun: No such file or directory
slurmstepd: error: execve(): parun: No such file or directory
slurmstepd: error: execve(): parun: No such file or directory
slurmstepd: error: execve(): parun: No such file or directory
slurmstepd: error: execve(): parun: No such file or directory
slurmstepd: error: execve(): parun: No such file or directory
slurmstepd: error: execve(): parun: No such file or directory
slurmstepd: error: execve(): parun: No such file or directory
slurmstepd: error: execve(): parun: No such file or directory
slurmstepd: error: execve(): parun: No such file or directory
slurmstepd: error: execve(): parun: No such file or directory
slurmstepd: error: execve(): parun: No such file or directory
slurmstepd: error: execve(): parun: No such file or directory
slurmstepd: error: execve(): parun: No such file or directory
slurmstepd: error: execve(): parun: No such file or directory
slurmstepd: error: execve(): parun: No such file or directory
slurmstepd: error: execve(): parun: No such file or directory
slurmstepd: error: execve(): parun: No such file or directory
slurmstepd: error: execve(): parun: No such file or directory
slurmstepd: error: execve(): parun: No such file or directory
slurmstepd: error: execve(): parun: No such file or directory
slurmstepd: error: execve(): parun: No such file or directory
slurmstepd: error: execve(): parun: No such file or directory
slurmstepd: error: execve(): parun: No such file or directory
slurmstepd: error: execve(): parun: No such file or directory
slurmstepd: error: execve(): parun: No such file or directory
slurmstepd: error: execve(): parun: No such file or directory
slurmstepd: error: execve(): parun: No such file or directory
slurmstepd: error: execve(): parun: No such file or directory
slurmstepd: error: execve(): parun: No such file or directory
slurmstepd: error: execve(): parun: No such file or directory
slurmstepd: error: execve(): parun: No such file or directory
slurmstepd: error: execve(): parun: No such file or directory
slurmstepd: error: execve(): parun: No such file or directory
slurmstepd: error: execve(): parun: No such file or directory
slurmstepd: error: execve(): parun: No such file or directory
slurmstepd: error: execve(): parun: No such file or directory
slurmstepd: error: execve(): parun: No such file or directory
slurmstepd: error: execve(): parun: No such file or directory
slurmstepd: error: execve(): parun: No such file or directory
slurmstepd: error: execve(): parun: No such file or directory
slurmstepd: error: execve(): parun: No such file or directory
slurmstepd: error: execve(): parun: No such file or directory
slurmstepd: error: execve(): parun: No such file or directory
slurmstepd: error: execve(): parun: No such file or directory
slurmstepd: error: execve(): parun: No such file or directory
slurmstepd: error: execve(): parun: No such file or directory
slurmstepd: error: execve(): parun: No such file or directory
slurmstepd: error: execve(): parun: No such file or directory
slurmstepd: error: execve(): parun: No such file or directory
slurmstepd: error: execve(): parun: No such file or directory
slurmstepd: error: execve(): parun: No such file or directory
slurmstepd: error: execve(): parun: No such file or directory
slurmstepd: error: execve(): parun: No such file or directory
slurmstepd: error: execve(): parun: No such file or directory
slurmstepd: error: execve(): parun: No such file or directory
slurmstepd: error: execve(): parun: No such file or directory
slurmstepd: error: execve(): parun: No such file or directory
slurmstepd: error: execve(): parun: No such file or directory
slurmstepd: error: execve(): parun: No such file or directory
slurmstepd: error: execve(): parun: No such file or directory
slurmstepd: error: execve(): parun: No such file or directory
slurmstepd: error: execve(): parun: No such file or directory
slurmstepd: error: execve(): parun: No such file or directory
slurmstepd: error: execve(): parun: No such file or directory
slurmstepd: error: execve(): parun: No such file or directory
slurmstepd: error: execve(): parun: No such file or directory
slurmstepd: error: execve(): parun: No such file or directory
slurmstepd: error: execve(): parun: No such file or directory
slurmstepd: error: execve(): parun: No such file or directory
slurmstepd: error: execve(): parun: No such file or directory
slurmstepd: error: execve(): parun: No such file or directory
slurmstepd: error: execve(): parun: No such file or directory
slurmstepd: error: execve(): parun: No such file or directory
slurmstepd: error: execve(): parun: No such file or directory
slurmstepd: error: execve(): parun: No such file or directory
slurmstepd: error: execve(): parun: No such file or directory
slurmstepd: error: execve(): parun: No such file or directory
slurmstepd: error: execve(): parun: No such file or directory
slurmstepd: error: execve(): parun: No such file or directory
slurmstepd: error: execve(): parun: No such file or directory
slurmstepd: error: execve(): parun: No such file or directory
slurmstepd: error: execve(): parun: No such file or directory
slurmstepd: error: execve(): parun: No such file or directory
slurmstepd: error: execve(): parun: No such file or directory
slurmstepd: error: execve(): parun: No such file or directory
srun: error: qbc145: tasks 240-287: Exited with exit code 2
srun: error: qbc142: tasks 96-143: Exited with exit code 2
srun: error: qbc143: tasks 144-191: Exited with exit code 2
srun: error: qbc146: tasks 288-335: Exited with exit code 2
srun: error: qbc147: tasks 336-383: Exited with exit code 2
srun: error: qbc140: tasks 0-47: Exited with exit code 2
srun: error: qbc144: tasks 192-239: Exited with exit code 2
srun: error: qbc141: tasks 48-95: Exited with exit code 2
